<?xml version="1.0" ?>
<coverage branch-rate="0" line-rate="0.75" timestamp="1465342743031" version="4.1">
	<!-- Generated by coverage.py: https://coverage.readthedocs.io -->
	<!-- Based on https://raw.githubusercontent.com/cobertura/web/f0366e5e2cf18f111cbd61fc34ef720a6584ba02/htdocs/xml/coverage-03.dtd -->
	<sources>
		<source>C:\Source\PTVS\Python\Tests\TestData\Coverage\FlowControl</source>
	</sources>
	<packages>
		<package branch-rate="0" complexity="0" line-rate="0.75" name=".">
			<classes>
				<class branch-rate="0" complexity="0" filename="test.py" line-rate="0.75" name="test.py">
					<methods/>
					<lines>
						<line hits="1" number="1"/>
						<line hits="1" number="2"/>
						<line hits="0" number="4"/>
						<line hits="1" number="6"/>
						<line hits="0" number="7"/>
						<line hits="1" number="9"/>
						<line hits="1" number="11"/>
						<line hits="0" number="12"/>
						<line hits="1" number="14"/>
						<line hits="0" number="15"/>
						<line hits="1" number="17"/>
						<line hits="1" number="18"/>
						<line hits="1" number="20"/>
						<line hits="1" number="21"/>
						<line hits="1" number="22"/>
						<line hits="1" number="23"/>
						<line hits="1" number="26"/>
						<line hits="1" number="27"/>
						<line hits="1" number="28"/>
						<line hits="0" number="29"/>
						<line hits="1" number="30"/>
						<line hits="1" number="31"/>
						<line hits="1" number="33"/>
						<line hits="1" number="34"/>
						<line hits="0" number="35"/>
						<line hits="1" number="37"/>
						<line hits="1" number="40"/>
						<line hits="1" number="41"/>
						<line hits="0" number="42"/>
						<line hits="1" number="45"/>
						<line hits="1" number="46"/>
						<line hits="0" number="47"/>
						<line hits="1" number="49"/>
						<line hits="1" number="50"/>
						<line hits="0" number="51"/>
						<line hits="1" number="52"/>
						<line hits="1" number="55"/>
						<line hits="1" number="56"/>
						<line hits="0" number="57"/>
						<line hits="1" number="58"/>
					</lines>
				</class>
			</classes>
		</package>
	</packages>
</coverage>
