<?xml version="1.0" ?>
<coverage branch-rate="0" line-rate="0.9697" timestamp="1465324878063" version="4.1">
	<!-- Generated by coverage.py: https://coverage.readthedocs.io -->
	<!-- Based on https://raw.githubusercontent.com/cobertura/web/f0366e5e2cf18f111cbd61fc34ef720a6584ba02/htdocs/xml/coverage-03.dtd -->
	<sources>
		<source>C:\Users\dinov\Documents\Visual Studio 2015\Projects\PythonApplication50\PythonApplication50\env2</source>
	</sources>
	<packages>
		<package branch-rate="0" complexity="0" line-rate="0.9667" name=".">
			<classes>
				<class branch-rate="0" complexity="0" filename="xxx.py" line-rate="0.9655" name="xxx.py">
					<methods/>
					<lines>
						<line hits="1" number="1"/>
						<line hits="1" number="2"/>
						<line hits="1" number="3"/>
						<line hits="1" number="4"/>
						<line hits="1" number="6"/>
						<line hits="1" number="7"/>
						<line hits="1" number="8"/>
						<line hits="1" number="10"/>
						<line hits="1" number="11"/>
						<line hits="0" number="13"/>
						<line hits="1" number="14"/>
						<line hits="1" number="16"/>
						<line hits="1" number="17"/>
						<line hits="1" number="19"/>
						<line hits="1" number="20"/>
						<line hits="1" number="23"/>
						<line hits="1" number="25"/>
						<line hits="1" number="26"/>
						<line hits="1" number="27"/>
						<line hits="1" number="28"/>
						<line hits="1" number="30"/>
						<line hits="1" number="31"/>
						<line hits="1" number="32"/>
						<line hits="1" number="33"/>
						<line hits="1" number="35"/>
						<line hits="1" number="37"/>
						<line hits="1" number="38"/>
						<line hits="1" number="39"/>
						<line hits="1" number="42"/>
					</lines>
				</class>
				<class branch-rate="0" complexity="0" filename="yyy.py" line-rate="1" name="yyy.py">
					<methods/>
					<lines>
						<line hits="1" number="1"/>
					</lines>
				</class>
			</classes>
		</package>
		<package branch-rate="0" complexity="0" line-rate="1" name="foo">
			<classes>
				<class branch-rate="0" complexity="0" filename="foo/blah.py" line-rate="1" name="blah.py">
					<methods/>
					<lines>
						<line hits="1" number="1"/>
					</lines>
				</class>
				<class branch-rate="0" complexity="0" filename="foo/__init__.py" line-rate="1" name="__init__.py">
					<methods/>
					<lines>
						<line hits="1" number="1"/>
						<line hits="1" number="2"/>
					</lines>
				</class>
			</classes>
		</package>
	</packages>
</coverage>
