<?xml version="1.0" ?>
<coverage branch-rate="0" line-rate="0.9" timestamp="1464219660536" version="4.1">
	<!-- Generated by coverage.py: https://coverage.readthedocs.io -->
	<!-- Based on https://raw.githubusercontent.com/cobertura/web/f0366e5e2cf18f111cbd61fc34ef720a6584ba02/htdocs/xml/coverage-03.dtd -->
	<sources>
		<source>C:\Users\dinov\Documents\Visual Studio 2015\Projects\PythonApplication50\PythonApplication50\env2</source>
	</sources>
	<packages>
		<package branch-rate="0" complexity="0" line-rate="0.9" name=".">
			<classes>
				<class branch-rate="0" complexity="0" filename="test.py" line-rate="0.9" name="test.py">
					<methods/>
					<lines>
						<line hits="1" number="1"/>
						<line hits="1" number="3"/>
						<line hits="1" number="4"/>
						<line hits="1" number="5"/>
						<line hits="0" number="7"/>
						<line hits="1" number="8"/>
						<line hits="1" number="10"/>
						<line hits="1" number="13"/>
						<line hits="1" number="14"/>
						<line hits="1" number="15"/>
					</lines>
				</class>
			</classes>
		</package>
	</packages>
</coverage>
